/Users/aallyn/GitHub/Fed_Opportunities/run_all.sh:5: command not found: Rscript
/Applications/quarto/bin/quarto: line 129: sysctl: command not found
quarto script failed: unrecognized architecture 
/Users/aallyn/GitHub/Fed_Opportunities/run_all.sh:5: command not found: Rscript
/Applications/quarto/bin/quarto: line 129: sysctl: command not found
quarto script failed: unrecognized architecture 
/Users/aallyn/GitHub/Fed_Opportunities/run_all.sh:5: command not found: Rscript
/Applications/quarto/bin/quarto: line 129: sysctl: command not found
quarto script failed: unrecognized architecture 
Fatal error: cannot open file 'download_and_render.R': No such file or directory
/Applications/quarto/bin/quarto: line 129: sysctl: command not found
quarto script failed: unrecognized architecture 
[1] ""
/Applications/quarto/bin/quarto: line 129: sysctl: command not found
quarto script failed: unrecognized architecture 
[1] ""
/Applications/quarto/bin/quarto: line 129: sysctl: command not found
quarto script failed: unrecognized architecture 
[1] ""
[1] ""
[31m

processing file: Opportunity_Report.qmd
[39m1/9                  
2/9 [unnamed-chunk-1]
3/9                  
4/9 [setup]          
5/9                  
6/9 [unnamed-chunk-2]
7/9                  
8/9 [unnamed-chunk-3]
9/9                  
[31moutput file: Opportunity_Report.knit.md

[39m[1mpandoc --output index.html[22m
  to: html
  standalone: true
  title-prefix: GMRI Grants Summary
  section-divs: true
  html-math-method: mathjax
  wrap: none
  default-image-extension: png
  toc: true
  toc-depth: 2
  
[1mmetadata[22m
  document-css: false
  link-citations: true
  date-format: long
  lang: en
  theme: flatly
  after_body: dt-dependencies.html
  title: 'GMRI Grants Summary - `r format(Sys.Date(), ''%B %d, %Y'')`'
  title-block-banner: false
  title-block: false
  
Output created: docs/index.html

[1] ""
[1] ""
[31m

processing file: Opportunity_Report.qmd
[39m1/9                  
2/9 [unnamed-chunk-1]
3/9                  
4/9 [setup]          
5/9                  
6/9 [unnamed-chunk-2]
7/9                  
8/9 [unnamed-chunk-3]
9/9                  
[31moutput file: Opportunity_Report.knit.md

[39m[1mpandoc --output index.html[22m
  to: html
  standalone: true
  title-prefix: GMRI Grants Summary
  section-divs: true
  html-math-method: mathjax
  wrap: none
  default-image-extension: png
  toc: true
  toc-depth: 2
  
[1mmetadata[22m
  document-css: false
  link-citations: true
  date-format: long
  lang: en
  theme: flatly
  after_body: dt-dependencies.html
  title: 'GMRI Grants Summary - `r format(Sys.Date(), ''%B %d, %Y'')`'
  title-block-banner: false
  title-block: false
  
Output created: docs/index.html

[1] ""
[1] ""
[31m

processing file: Opportunity_Report.qmd
[39m1/9                  
2/9 [unnamed-chunk-1]
3/9                  
4/9 [setup]          
5/9                  
6/9 [unnamed-chunk-2]
7/9                  
8/9 [unnamed-chunk-3]
9/9                  
[31moutput file: Opportunity_Report.knit.md

[39m[1mpandoc --output index.html[22m
  to: html
  standalone: true
  title-prefix: GMRI Grants Summary
  section-divs: true
  html-math-method: mathjax
  wrap: none
  default-image-extension: png
  toc: true
  toc-depth: 2
  
[1mmetadata[22m
  document-css: false
  link-citations: true
  date-format: long
  lang: en
  theme: flatly
  after_body: dt-dependencies.html
  title: 'GMRI Grants Summary - `r format(Sys.Date(), ''%B %d, %Y'')`'
  title-block-banner: false
  title-block: false
  
Output created: docs/index.html

[1] ""
[1] ""
[31m

processing file: Opportunity_Report.qmd
[39m1/9                  
2/9 [unnamed-chunk-1]
3/9                  
4/9 [setup]          
5/9                  
6/9 [unnamed-chunk-2]
7/9                  
8/9 [unnamed-chunk-3]
9/9                  
[31moutput file: Opportunity_Report.knit.md

[39m[1mpandoc --output index.html[22m
  to: html
  standalone: true
  title-prefix: GMRI Grants Summary
  section-divs: true
  html-math-method: mathjax
  wrap: none
  default-image-extension: png
  toc: true
  toc-depth: 2
  
[1mmetadata[22m
  document-css: false
  link-citations: true
  date-format: long
  lang: en
  theme: flatly
  after_body: dt-dependencies.html
  title: 'GMRI Grants Summary - `r format(Sys.Date(), ''%B %d, %Y'')`'
  title-block-banner: false
  title-block: false
  
Output created: docs/index.html

[1] ""
[1] ""
[31m

processing file: Opportunity_Report.qmd
[39m1/9                  
2/9 [unnamed-chunk-1]
3/9                  
4/9 [setup]          
5/9                  
6/9 [unnamed-chunk-2]
7/9                  
8/9 [unnamed-chunk-3]
9/9                  
[31moutput file: Opportunity_Report.knit.md

[39m[1mpandoc --output index.html[22m
  to: html
  standalone: true
  title-prefix: GMRI Grants Summary
  section-divs: true
  html-math-method: mathjax
  wrap: none
  default-image-extension: png
  toc: true
  toc-depth: 2
  
[1mmetadata[22m
  document-css: false
  link-citations: true
  date-format: long
  lang: en
  theme: flatly
  after_body: dt-dependencies.html
  title: 'GMRI Grants Summary - `r format(Sys.Date(), ''%B %d, %Y'')`'
  title-block-banner: false
  title-block: false
  
Output created: docs/index.html

[1] ""
[1] ""
[31m

processing file: Opportunity_Report.qmd
[39m1/9                  
2/9 [unnamed-chunk-1]
3/9                  
4/9 [setup]          
5/9                  
6/9 [unnamed-chunk-2]
7/9                  
8/9 [unnamed-chunk-3]
9/9                  
[31moutput file: Opportunity_Report.knit.md

[39m[1mpandoc --output index.html[22m
  to: html
  standalone: true
  title-prefix: GMRI Grants Summary
  section-divs: true
  html-math-method: mathjax
  wrap: none
  default-image-extension: png
  toc: true
  toc-depth: 2
  
[1mmetadata[22m
  document-css: false
  link-citations: true
  date-format: long
  lang: en
  theme: flatly
  after_body: dt-dependencies.html
  title: 'GMRI Grants Summary - `r format(Sys.Date(), ''%B %d, %Y'')`'
  title-block-banner: false
  title-block: false
  
Output created: docs/index.html

[1] ""
[1] ""
[31m

processing file: Opportunity_Report.qmd
[39m1/9                  
2/9 [unnamed-chunk-1]
3/9                  
4/9 [setup]          
5/9                  
6/9 [unnamed-chunk-2]
7/9                  
8/9 [unnamed-chunk-3]
9/9                  
[31moutput file: Opportunity_Report.knit.md

[39m[1mpandoc --output index.html[22m
  to: html
  standalone: true
  title-prefix: GMRI Grants Summary
  section-divs: true
  html-math-method: mathjax
  wrap: none
  default-image-extension: png
  toc: true
  toc-depth: 2
  
[1mmetadata[22m
  document-css: false
  link-citations: true
  date-format: long
  lang: en
  theme: flatly
  after_body: dt-dependencies.html
  title: 'GMRI Grants Summary - `r format(Sys.Date(), ''%B %d, %Y'')`'
  title-block-banner: false
  title-block: false
  
Output created: docs/index.html

[1] ""
[1] ""
[31m

processing file: Opportunity_Report.qmd
[39m1/9                  
2/9 [unnamed-chunk-1]
3/9                  
4/9 [setup]          
5/9                  
6/9 [unnamed-chunk-2]
7/9                  
8/9 [unnamed-chunk-3]
9/9                  
[31moutput file: Opportunity_Report.knit.md

[39m[1mpandoc --output index.html[22m
  to: html
  standalone: true
  title-prefix: GMRI Grants Summary
  section-divs: true
  html-math-method: mathjax
  wrap: none
  default-image-extension: png
  toc: true
  toc-depth: 2
  
[1mmetadata[22m
  document-css: false
  link-citations: true
  date-format: long
  lang: en
  theme: flatly
  after_body: dt-dependencies.html
  title: 'GMRI Grants Summary - `r format(Sys.Date(), ''%B %d, %Y'')`'
  title-block-banner: false
  title-block: false
  
Output created: docs/index.html

[1] ""
[1] ""
[31m

processing file: Opportunity_Report.qmd
[39m1/9                  
2/9 [unnamed-chunk-1]
3/9                  
4/9 [setup]          
5/9                  
6/9 [unnamed-chunk-2]
7/9                  
8/9 [unnamed-chunk-3]
9/9                  
[31moutput file: Opportunity_Report.knit.md

[39m[1mpandoc --output index.html[22m
  to: html
  standalone: true
  title-prefix: GMRI Grants Summary
  section-divs: true
  html-math-method: mathjax
  wrap: none
  default-image-extension: png
  toc: true
  toc-depth: 2
  
[1mmetadata[22m
  document-css: false
  link-citations: true
  date-format: long
  lang: en
  theme: flatly
  after_body: dt-dependencies.html
  title: 'GMRI Grants Summary - `r format(Sys.Date(), ''%B %d, %Y'')`'
  title-block-banner: false
  title-block: false
  
Output created: docs/index.html

[1] ""
[1] ""
[31m

processing file: Opportunity_Report.qmd
[39m1/9                  
2/9 [unnamed-chunk-1]
3/9                  
4/9 [setup]          
5/9                  
6/9 [unnamed-chunk-2]
7/9                  
8/9 [unnamed-chunk-3]
9/9                  
[31moutput file: Opportunity_Report.knit.md

[39m[1mpandoc --output index.html[22m
  to: html
  standalone: true
  title-prefix: GMRI Grants Summary
  section-divs: true
  html-math-method: mathjax
  wrap: none
  default-image-extension: png
  toc: true
  toc-depth: 2
  
[1mmetadata[22m
  document-css: false
  link-citations: true
  date-format: long
  lang: en
  theme: flatly
  after_body: dt-dependencies.html
  title: 'GMRI Grants Summary - `r format(Sys.Date(), ''%B %d, %Y'')`'
  title-block-banner: false
  title-block: false
  
Output created: docs/index.html

[1] ""
[1] ""
[31m

processing file: Opportunity_Report.qmd
[39m1/9                  
2/9 [unnamed-chunk-1]
3/9                  
4/9 [setup]          
5/9                  
6/9 [unnamed-chunk-2]
7/9                  
8/9 [unnamed-chunk-3]
9/9                  
[31moutput file: Opportunity_Report.knit.md

[39m[1mpandoc --output index.html[22m
  to: html
  standalone: true
  title-prefix: GMRI Grants Summary
  section-divs: true
  html-math-method: mathjax
  wrap: none
  default-image-extension: png
  toc: true
  toc-depth: 2
  
[1mmetadata[22m
  document-css: false
  link-citations: true
  date-format: long
  lang: en
  theme: flatly
  after_body: dt-dependencies.html
  title: 'GMRI Grants Summary - `r format(Sys.Date(), ''%B %d, %Y'')`'
  title-block-banner: false
  title-block: false
  
Output created: docs/index.html

[1] ""
[1] ""
[31m

processing file: Opportunity_Report.qmd
[39m1/9                  
2/9 [unnamed-chunk-1]
3/9                  
4/9 [setup]          
5/9                  
6/9 [unnamed-chunk-2]
7/9                  
8/9 [unnamed-chunk-3]
9/9                  
[31moutput file: Opportunity_Report.knit.md

[39m[1mpandoc --output index.html[22m
  to: html
  standalone: true
  title-prefix: GMRI Grants Summary
  section-divs: true
  html-math-method: mathjax
  wrap: none
  default-image-extension: png
  toc: true
  toc-depth: 2
  
[1mmetadata[22m
  document-css: false
  link-citations: true
  date-format: long
  lang: en
  theme: flatly
  after_body: dt-dependencies.html
  title: 'GMRI Grants Summary - `r format(Sys.Date(), ''%B %d, %Y'')`'
  title-block-banner: false
  title-block: false
  
Output created: docs/index.html

[1] ""
[1] ""
[31m

processing file: Opportunity_Report.qmd
[39m1/9                  
2/9 [unnamed-chunk-1]
3/9                  
4/9 [setup]          
5/9                  
6/9 [unnamed-chunk-2]
[31mError in mutate(., Title = paste0("[", Title, "](", AdditionalInfoURL,  : 
  i In argument: `New = if_else(...)`.
Caused by error in `charToDate()`:
! character string is not in a standard unambiguous format
Calls: .main ... withRestartList -> withOneRestart -> docall -> do.call -> fun
[39m[31m


Quitting from lines 32-54 [unnamed-chunk-2] (Opportunity_Report.qmd)
[39m[31mExecution halted
[39m[1] ""
[1] ""
[31m

processing file: Opportunity_Report.qmd
[39m1/9                  
2/9 [unnamed-chunk-1]
3/9                  
4/9 [setup]          
5/9                  
6/9 [unnamed-chunk-2]
[31mError in mutate(., Title = paste0("[", Title, "](", AdditionalInfoURL,  : 
  i In argument: `New = if_else(...)`.
Caused by error in `charToDate()`:
! character string is not in a standard unambiguous format
Calls: .main ... withRestartList -> withOneRestart -> docall -> do.call -> fun
[39m[31m


Quitting from lines 32-54 [unnamed-chunk-2] (Opportunity_Report.qmd)
[39m[31mExecution halted
[39m[1] ""
[1] ""
[31m

processing file: Opportunity_Report.qmd
[39m1/9                  
2/9 [unnamed-chunk-1]
3/9                  
4/9 [setup]          
5/9                  
6/9 [unnamed-chunk-2]
7/9                  
8/9 [unnamed-chunk-3]
9/9                  
[31moutput file: Opportunity_Report.knit.md

[39m[1mpandoc --output index.html[22m
  to: html
  standalone: true
  title-prefix: GMRI Grants Summary
  section-divs: true
  html-math-method: mathjax
  wrap: none
  default-image-extension: png
  toc: true
  toc-depth: 2
  
[1mmetadata[22m
  document-css: false
  link-citations: true
  date-format: long
  lang: en
  theme: flatly
  after_body: dt-dependencies.html
  title: 'GMRI Grants Summary - `r format(Sys.Date(), ''%B %d, %Y'')`'
  title-block-banner: false
  title-block: false
  
Output created: docs/index.html

[1] ""
[1] ""
[31m

processing file: Opportunity_Report.qmd
[39m1/9                  
2/9 [unnamed-chunk-1]
3/9                  
4/9 [setup]          
5/9                  
6/9 [unnamed-chunk-2]
7/9                  
8/9 [unnamed-chunk-3]
9/9                  
[31moutput file: Opportunity_Report.knit.md

[39m[1mpandoc --output index.html[22m
  to: html
  standalone: true
  title-prefix: GMRI Grants Summary
  section-divs: true
  html-math-method: mathjax
  wrap: none
  default-image-extension: png
  toc: true
  toc-depth: 2
  
[1mmetadata[22m
  document-css: false
  link-citations: true
  date-format: long
  lang: en
  theme: flatly
  after_body: dt-dependencies.html
  title: 'GMRI Grants Summary - `r format(Sys.Date(), ''%B %d, %Y'')`'
  title-block-banner: false
  title-block: false
  
Output created: docs/index.html

[1] ""
[1] ""
[31m

processing file: Opportunity_Report.qmd
[39m1/9                  
2/9 [unnamed-chunk-1]
3/9                  
4/9 [setup]          
5/9                  
6/9 [unnamed-chunk-2]
7/9                  
8/9 [unnamed-chunk-3]
9/9                  
[31moutput file: Opportunity_Report.knit.md

[39m[1mpandoc --output index.html[22m
  to: html
  standalone: true
  title-prefix: GMRI Grants Summary
  section-divs: true
  html-math-method: mathjax
  wrap: none
  default-image-extension: png
  toc: true
  toc-depth: 2
  
[1mmetadata[22m
  document-css: false
  link-citations: true
  date-format: long
  lang: en
  theme: flatly
  after_body: dt-dependencies.html
  title: 'GMRI Grants Summary - `r format(Sys.Date(), ''%B %d, %Y'')`'
  title-block-banner: false
  title-block: false
  
Output created: docs/index.html

[1] ""
[1] ""
[31m

processing file: Opportunity_Report.qmd
[39m1/9                  
2/9 [unnamed-chunk-1]
3/9                  
4/9 [setup]          
5/9                  
6/9 [unnamed-chunk-2]
7/9                  
8/9 [unnamed-chunk-3]
9/9                  
[31moutput file: Opportunity_Report.knit.md

[39m[1mpandoc --output index.html[22m
  to: html
  standalone: true
  title-prefix: GMRI Grants Summary
  section-divs: true
  html-math-method: mathjax
  wrap: none
  default-image-extension: png
  toc: true
  toc-depth: 2
  
[1mmetadata[22m
  document-css: false
  link-citations: true
  date-format: long
  lang: en
  theme: flatly
  after_body: dt-dependencies.html
  title: 'GMRI Grants Summary - `r format(Sys.Date(), ''%B %d, %Y'')`'
  title-block-banner: false
  title-block: false
  
Output created: docs/index.html

[1] ""
[1] ""
[31m

processing file: Opportunity_Report.qmd
[39m1/9                  
2/9 [unnamed-chunk-1]
3/9                  
4/9 [setup]          
5/9                  
6/9 [unnamed-chunk-2]
7/9                  
8/9 [unnamed-chunk-3]
9/9                  
[31moutput file: Opportunity_Report.knit.md

[39m[1mpandoc --output index.html[22m
  to: html
  standalone: true
  title-prefix: GMRI Grants Summary
  section-divs: true
  html-math-method: mathjax
  wrap: none
  default-image-extension: png
  toc: true
  toc-depth: 2
  
[1mmetadata[22m
  document-css: false
  link-citations: true
  date-format: long
  lang: en
  theme: flatly
  after_body: dt-dependencies.html
  title: 'GMRI Grants Summary - `r format(Sys.Date(), ''%B %d, %Y'')`'
  title-block-banner: false
  title-block: false
  
Output created: docs/index.html

/Users/aallyn/GitHub/Fed_Opportunities/run_all.sh:cd:12: no such file or directory: /path/to/your/repo
